# JRE version: Java(TM) SE Runtime Environment (21.0.9+7) (build 21.0.9+7-LTS-338)
# Java VM: Java HotSpot(TM) 64-Bit Server VM (21.0.9+7-LTS-338, mixed mode, emulated-client, sharing, tiered, compressed oops, compressed class ptrs, g1 gc, windows-amd64)
GC Precious Log:
 CardTable entry size: 512
 Card Set container configuration: InlinePtr #cards 4 size 8 Array Of Cards #cards 16 size 48 Howl #buckets 8 coarsen threshold 3686 Howl Bitmap #cards 512 size 80 coarsen threshold 460 Card regions per heap region 1 cards per card region 4096
 CPUs: 12 total, 12 available
 Memory: 15693M
 Large Page Support: Disabled
 NUMA Support: Disabled
 Compressed Oops: Enabled (Zero based)
 Heap Region Size: 2M
 Heap Min Capacity: 8M
 Heap Initial Capacity: 246M
 Heap Max Capacity: 3924M
 Pre-touch: Disabled
 Parallel Workers: 10
 Concurrent Workers: 3
 Concurrent Refinement Workers: 10
 Periodic GC: Disabled
Heap:
 garbage-first heap   total 251904K, used 81898K [0x000000070ac00000, 0x0000000800000000)
  region size 2048K, 5 young (10240K), 5 survivors (10240K)
 Metaspace       used 22801K, committed 23296K, reserved 1114112K
  class space    used 3133K, committed 3392K, reserved 1048576K
GC Heap History (20 events):
Event: 0.854 GC heap after
{Heap after GC invocations=1 (full 0):
 garbage-first heap   total 251904K, used 7922K [0x000000070ac00000, 0x0000000800000000)
  region size 2048K, 2 young (4096K), 2 survivors (4096K)
 Metaspace       used 6072K, committed 6336K, reserved 1114112K
  class space    used 717K, committed 832K, reserved 1048576K
}
Event: 1.403 GC heap before
{Heap before GC invocations=1 (full 0):
 garbage-first heap   total 251904K, used 28402K [0x000000070ac00000, 0x0000000800000000)
  region size 2048K, 13 young (26624K), 2 survivors (4096K)
 Metaspace       used 11693K, committed 12096K, reserved 1114112K
  class space    used 1543K, committed 1728K, reserved 1048576K
}
Event: 1.408 GC heap after
{Heap after GC invocations=2 (full 0):
 garbage-first heap   total 251904K, used 10737K [0x000000070ac00000, 0x0000000800000000)
  region size 2048K, 2 young (4096K), 2 survivors (4096K)
 Metaspace       used 11693K, committed 12096K, reserved 1114112K
  class space    used 1543K, committed 1728K, reserved 1048576K
}
Event: 1.923 GC heap before
{Heap before GC invocations=2 (full 0):
 garbage-first heap   total 251904K, used 78321K [0x000000070ac00000, 0x0000000800000000)
  region size 2048K, 35 young (71680K), 2 survivors (4096K)
 Metaspace       used 20391K, committed 20800K, reserved 1114112K
  class space    used 2766K, committed 2944K, reserved 1048576K
}
Event: 1.930 GC heap after
{Heap after GC invocations=3 (full 0):
 garbage-first heap   total 251904K, used 17387K [0x000000070ac00000, 0x0000000800000000)
  region size 2048K, 5 young (10240K), 5 survivors (10240K)
 Metaspace       used 20391K, committed 20800K, reserved 1114112K
  class space    used 2766K, committed 2944K, reserved 1048576K
}
Event: 1.958 GC heap before
{Heap before GC invocations=3 (full 0):
 garbage-first heap   total 251904K, used 37867K [0x000000070ac00000, 0x0000000800000000)
  region size 2048K, 16 young (32768K), 5 survivors (10240K)
 Metaspace       used 21053K, committed 21504K, reserved 1114112K
  class space    used 2846K, committed 3008K, reserved 1048576K
}
Event: 1.964 GC heap after
{Heap after GC invocations=4 (full 0):
 garbage-first heap   total 251904K, used 20705K [0x000000070ac00000, 0x0000000800000000)
  region size 2048K, 6 young (12288K), 6 survivors (12288K)
 Metaspace       used 21053K, committed 21504K, reserved 1114112K
  class space    used 2846K, committed 3008K, reserved 1048576K
}
Event: 2.046 GC heap before
{Heap before GC invocations=5 (full 0):
 garbage-first heap   total 96256K, used 71905K [0x000000070ac00000, 0x0000000800000000)
  region size 2048K, 31 young (63488K), 6 survivors (12288K)
 Metaspace       used 21863K, committed 22336K, reserved 1114112K
  class space    used 2992K, committed 3200K, reserved 1048576K
}
Event: 2.056 GC heap after
{Heap after GC invocations=6 (full 0):
 garbage-first heap   total 96256K, used 25280K [0x000000070ac00000, 0x0000000800000000)
  region size 2048K, 4 young (8192K), 4 survivors (8192K)
 Metaspace       used 21863K, committed 22336K, reserved 1114112K
  class space    used 2992K, committed 3200K, reserved 1048576K
}
Event: 2.105 GC heap before
{Heap before GC invocations=6 (full 0):
 garbage-first heap   total 96256K, used 70336K [0x000000070ac00000, 0x0000000800000000)
  region size 2048K, 26 young (53248K), 4 survivors (8192K)
 Metaspace       used 22271K, committed 22720K, reserved 1114112K
  class space    used 3051K, committed 3264K, reserved 1048576K
}
Event: 2.114 GC heap after
{Heap after GC invocations=7 (full 0):
 garbage-first heap   total 96256K, used 31556K [0x000000070ac00000, 0x0000000800000000)
  region size 2048K, 3 young (6144K), 3 survivors (6144K)
 Metaspace       used 22271K, committed 22720K, reserved 1114112K
  class space    used 3051K, committed 3264K, reserved 1048576K
}
Event: 2.170 GC heap before
{Heap before GC invocations=7 (full 0):
 garbage-first heap   total 96256K, used 74564K [0x000000070ac00000, 0x0000000800000000)
  region size 2048K, 24 young (49152K), 3 survivors (6144K)
 Metaspace       used 22271K, committed 22720K, reserved 1114112K
  class space    used 3051K, committed 3264K, reserved 1048576K
}
Event: 2.181 GC heap after
{Heap after GC invocations=8 (full 0):
 garbage-first heap   total 176128K, used 37465K [0x000000070ac00000, 0x0000000800000000)
  region size 2048K, 3 young (6144K), 3 survivors (6144K)
 Metaspace       used 22271K, committed 22720K, reserved 1114112K
  class space    used 3051K, committed 3264K, reserved 1048576K
}
Event: 2.347 GC heap before
{Heap before GC invocations=8 (full 0):
 garbage-first heap   total 176128K, used 135769K [0x000000070ac00000, 0x0000000800000000)
  region size 2048K, 51 young (104448K), 3 survivors (6144K)
 Metaspace       used 22271K, committed 22720K, reserved 1114112K
  class space    used 3051K, committed 3264K, reserved 1048576K
}
Event: 2.354 GC heap after
{Heap after GC invocations=9 (full 0):
 garbage-first heap   total 176128K, used 48235K [0x000000070ac00000, 0x0000000800000000)
  region size 2048K, 7 young (14336K), 7 survivors (14336K)
 Metaspace       used 22271K, committed 22720K, reserved 1114112K
  class space    used 3051K, committed 3264K, reserved 1048576K
}
Event: 2.475 GC heap before
{Heap before GC invocations=9 (full 0):
 garbage-first heap   total 176128K, used 138347K [0x000000070ac00000, 0x0000000800000000)
  region size 2048K, 51 young (104448K), 7 survivors (14336K)
 Metaspace       used 22271K, committed 22720K, reserved 1114112K
  class space    used 3051K, committed 3264K, reserved 1048576K
}
Event: 2.484 GC heap after
{Heap after GC invocations=10 (full 0):
 garbage-first heap   total 176128K, used 60598K [0x000000070ac00000, 0x0000000800000000)
  region size 2048K, 6 young (12288K), 6 survivors (12288K)
 Metaspace       used 22271K, committed 22720K, reserved 1114112K
  class space    used 3051K, committed 3264K, reserved 1048576K
}
Event: 2.596 GC heap before
{Heap before GC invocations=10 (full 0):
 garbage-first heap   total 176128K, used 144566K [0x000000070ac00000, 0x0000000800000000)
  region size 2048K, 47 young (96256K), 6 survivors (12288K)
 Metaspace       used 22271K, committed 22720K, reserved 1114112K
  class space    used 3051K, committed 3264K, reserved 1048576K
}
Event: 2.603 GC heap after
{Heap after GC invocations=11 (full 0):
 garbage-first heap   total 176128K, used 71566K [0x000000070ac00000, 0x0000000800000000)
  region size 2048K, 6 young (12288K), 6 survivors (12288K)
 Metaspace       used 22271K, committed 22720K, reserved 1114112K
  class space    used 3051K, committed 3264K, reserved 1048576K
}
Event: 2.892 GC heap before
{Heap before GC invocations=11 (full 0):
 garbage-first heap   total 176128K, used 147342K [0x000000070ac00000, 0x0000000800000000)
  region size 2048K, 43 young (88064K), 6 survivors (12288K)
 Metaspace       used 22801K, committed 23296K, reserved 1114112K
  class space    used 3133K, committed 3392K, reserved 1048576K
}

